<?xml version="1.0" encoding="UTF-8"?>
<!-- Generated by org.testng.reporters.JUnitReportReporter -->
<testsuite skipped="0" hostname="DESKTOP-KHVE45V" name="com.http.TestNGTests.TC_01_GetListOfUsers" tests="1" failures="0" timestamp="07 Feb 2019 21:13:00 GMT" time="1.776" errors="0">
  <testcase name="getListOfUsers" time="1.776" classname="com.http.TestNGTests.TC_01_GetListOfUsers"/>
</testsuite> <!-- com.http.TestNGTests.TC_01_GetListOfUsers -->
