<?xml version="1.0" encoding="UTF-8"?>
<!-- Generated by org.testng.reporters.JUnitReportReporter -->
<testsuite skipped="0" hostname="DESKTOP-KHVE45V" name="com.http.TestNGTests.TC_01_GetListOfUsers" tests="1" failures="0" timestamp="05 Feb 2019 20:11:15 GMT" time="2.158" errors="0">
  <testcase name="getListOfUsers" time="2.158" classname="com.http.TestNGTests.TC_01_GetListOfUsers"/>
</testsuite> <!-- com.http.TestNGTests.TC_01_GetListOfUsers -->
